<?xml version="1.0" encoding="UTF-8"?>
<testng-results skipped="0" failed="0" ignored="0" total="1" passed="1">
  <reporter-output>
  </reporter-output>
  <suite name="Surefire suite" duration-ms="113" started-at="2019-12-01T10:31:14Z" finished-at="2019-12-01T10:31:14Z">
    <groups>
    </groups>
    <test name="Surefire test" duration-ms="113" started-at="2019-12-01T10:31:14Z" finished-at="2019-12-01T10:31:14Z">
      <class name="Automationsoais.APITest">
        <test-method status="PASS" signature="WebService()[pri:0, instance:Automationsoais.APITest@26ba2a48]" name="WebService" duration-ms="31" started-at="2019-12-01T10:31:14Z" finished-at="2019-12-01T10:31:14Z">
          <reporter-output>
          </reporter-output>
        </test-method> <!-- WebService -->
      </class> <!-- Automationsoais.APITest -->
    </test> <!-- Surefire test -->
  </suite> <!-- Surefire suite -->
</testng-results>
